2015-12-17 1:23:32 - PHP Notice:  Undefined index: category_description in /var/www/html/admin/controller/catalog/category.php on line 531
2015-12-17 1:23:32 - PHP Warning:  Invalid argument supplied for foreach() in /var/www/html/admin/controller/catalog/category.php on line 531
2015-12-17 1:23:32 - PHP Notice:  Undefined index: keyword in /var/www/html/admin/controller/catalog/category.php on line 541
2015-12-17 1:23:32 - PHP Notice:  Undefined index: parent_id in /var/www/html/admin/model/catalog/category.php on line 6
2015-12-17 1:23:32 - PHP Notice:  Undefined index: column in /var/www/html/admin/model/catalog/category.php on line 6
2015-12-17 1:23:32 - PHP Notice:  Undefined index: sort_order in /var/www/html/admin/model/catalog/category.php on line 6
2015-12-17 1:23:32 - PHP Notice:  Undefined index: status in /var/www/html/admin/model/catalog/category.php on line 6
2015-12-17 1:23:32 - PHP Notice:  Undefined index: category_description in /var/www/html/admin/model/catalog/category.php on line 14
2015-12-17 1:23:32 - PHP Warning:  Invalid argument supplied for foreach() in /var/www/html/admin/model/catalog/category.php on line 14
2015-12-17 1:23:32 - PHP Notice:  Undefined index: parent_id in /var/www/html/admin/model/catalog/category.php on line 21
2015-12-17 1:59:59 - PHP Notice:  Undefined index: sort_order in /var/www/html/admin/model/design/banner.php on line 37
2015-12-17 2:00:57 - PHP Notice:  Undefined index: sort_order in /var/www/html/admin/model/design/banner.php on line 37
2015-12-17 2:02:21 - PHP Notice:  Undefined index: sort_order in /var/www/html/admin/model/design/banner.php on line 37
2015-12-17 6:00:52 - PHP Notice:  Undefined index: product_description in /var/www/html/admin/controller/catalog/product.php on line 1306
2015-12-17 6:00:52 - PHP Warning:  Invalid argument supplied for foreach() in /var/www/html/admin/controller/catalog/product.php on line 1306
2015-12-17 6:00:52 - PHP Notice:  Undefined index: model in /var/www/html/admin/controller/catalog/product.php on line 1316
2015-12-17 6:00:52 - PHP Notice:  Undefined index: keyword in /var/www/html/admin/controller/catalog/product.php on line 1320
2015-12-17 21:08:28 - PHP Warning:  Invalid argument supplied for foreach() in /var/www/html/admin/controller/module/featured.php on line 124
2015-12-17 21:10:03 - PHP Warning:  Invalid argument supplied for foreach() in /var/www/html/admin/controller/module/featured.php on line 124
2015-12-17 22:23:12 - PHP Notice:  Undefined index: sort_order in /var/www/html/admin/controller/design/banner.php on line 386
2015-12-20 9:29:58 - PHP Notice:  Undefined index: sort_order in /var/www/html/admin/model/design/banner.php on line 12
2015-12-20 10:02:05 - PHP Notice:  Undefined index: manufacturer_id in /var/www/html/admin/model/catalog/product.php on line 131
2015-12-20 10:02:05 - PHP Notice:  Undefined index: points in /var/www/html/admin/model/catalog/product.php on line 131
2015-12-21 12:56:41 - PHP Notice:  Undefined variable: text_viewed in /var/www/html/catalog/view/theme/default/template/module/featured.tpl on line 37
2015-12-21 12:56:41 - PHP Notice:  Undefined variable: viewed in /var/www/html/catalog/view/theme/default/template/module/featured.tpl on line 37
2015-12-21 12:56:41 - PHP Notice:  Undefined variable: text_viewed in /var/www/html/catalog/view/theme/default/template/module/featured.tpl on line 37
2015-12-21 12:56:41 - PHP Notice:  Undefined variable: viewed in /var/www/html/catalog/view/theme/default/template/module/featured.tpl on line 37
2015-12-21 12:56:41 - PHP Notice:  Undefined variable: text_viewed in /var/www/html/catalog/view/theme/default/template/module/featured.tpl on line 37
2015-12-21 12:56:41 - PHP Notice:  Undefined variable: viewed in /var/www/html/catalog/view/theme/default/template/module/featured.tpl on line 37
2015-12-21 12:56:41 - PHP Notice:  Undefined variable: text_viewed in /var/www/html/catalog/view/theme/default/template/module/featured.tpl on line 37
2015-12-21 12:56:41 - PHP Notice:  Undefined variable: viewed in /var/www/html/catalog/view/theme/default/template/module/featured.tpl on line 37
2015-12-21 12:58:20 - PHP Notice:  Undefined variable: text_viewed in /var/www/html/catalog/view/theme/default/template/module/featured.tpl on line 37
2015-12-21 12:58:20 - PHP Notice:  Undefined variable: viewed in /var/www/html/catalog/view/theme/default/template/module/featured.tpl on line 37
2015-12-21 12:58:20 - PHP Notice:  Undefined variable: text_viewed in /var/www/html/catalog/view/theme/default/template/module/featured.tpl on line 37
2015-12-21 12:58:20 - PHP Notice:  Undefined variable: viewed in /var/www/html/catalog/view/theme/default/template/module/featured.tpl on line 37
2015-12-21 12:58:20 - PHP Notice:  Undefined variable: text_viewed in /var/www/html/catalog/view/theme/default/template/module/featured.tpl on line 37
2015-12-21 12:58:20 - PHP Notice:  Undefined variable: viewed in /var/www/html/catalog/view/theme/default/template/module/featured.tpl on line 37
2015-12-21 12:58:20 - PHP Notice:  Undefined variable: text_viewed in /var/www/html/catalog/view/theme/default/template/module/featured.tpl on line 37
2015-12-21 12:58:20 - PHP Notice:  Undefined variable: viewed in /var/www/html/catalog/view/theme/default/template/module/featured.tpl on line 37
2015-12-21 12:58:57 - PHP Notice:  Undefined variable: text_viewed in /var/www/html/catalog/view/theme/default/template/module/featured.tpl on line 37
2015-12-21 12:58:57 - PHP Notice:  Undefined variable: viewed in /var/www/html/catalog/view/theme/default/template/module/featured.tpl on line 37
2015-12-21 12:58:57 - PHP Notice:  Undefined variable: text_viewed in /var/www/html/catalog/view/theme/default/template/module/featured.tpl on line 37
2015-12-21 12:58:57 - PHP Notice:  Undefined variable: viewed in /var/www/html/catalog/view/theme/default/template/module/featured.tpl on line 37
2015-12-21 12:58:57 - PHP Notice:  Undefined variable: text_viewed in /var/www/html/catalog/view/theme/default/template/module/featured.tpl on line 37
2015-12-21 12:58:57 - PHP Notice:  Undefined variable: viewed in /var/www/html/catalog/view/theme/default/template/module/featured.tpl on line 37
2015-12-21 12:58:57 - PHP Notice:  Undefined variable: text_viewed in /var/www/html/catalog/view/theme/default/template/module/featured.tpl on line 37
2015-12-21 12:58:57 - PHP Notice:  Undefined variable: viewed in /var/www/html/catalog/view/theme/default/template/module/featured.tpl on line 37
2015-12-21 12:59:48 - PHP Notice:  Undefined variable: viewed in /var/www/html/catalog/view/theme/default/template/module/featured.tpl on line 37
2015-12-21 12:59:48 - PHP Notice:  Undefined variable: viewed in /var/www/html/catalog/view/theme/default/template/module/featured.tpl on line 37
2015-12-21 12:59:48 - PHP Notice:  Undefined variable: viewed in /var/www/html/catalog/view/theme/default/template/module/featured.tpl on line 37
2015-12-21 12:59:48 - PHP Notice:  Undefined variable: viewed in /var/www/html/catalog/view/theme/default/template/module/featured.tpl on line 37
2015-12-21 13:03:01 - PHP Notice:  Undefined index: viewed in /var/www/html/catalog/view/theme/default/template/module/featured.tpl on line 37
2015-12-21 13:03:01 - PHP Notice:  Undefined index: viewed in /var/www/html/catalog/view/theme/default/template/module/featured.tpl on line 37
2015-12-21 13:03:01 - PHP Notice:  Undefined index: viewed in /var/www/html/catalog/view/theme/default/template/module/featured.tpl on line 37
2015-12-21 13:03:01 - PHP Notice:  Undefined index: viewed in /var/www/html/catalog/view/theme/default/template/module/featured.tpl on line 37
2015-12-21 13:03:07 - PHP Notice:  Undefined index: viewed in /var/www/html/catalog/view/theme/default/template/module/featured.tpl on line 37
2015-12-21 13:03:07 - PHP Notice:  Undefined index: viewed in /var/www/html/catalog/view/theme/default/template/module/featured.tpl on line 37
2015-12-21 13:03:07 - PHP Notice:  Undefined index: viewed in /var/www/html/catalog/view/theme/default/template/module/featured.tpl on line 37
2015-12-21 13:03:07 - PHP Notice:  Undefined index: viewed in /var/www/html/catalog/view/theme/default/template/module/featured.tpl on line 37
2015-12-21 13:14:28 - PHP Notice:  Undefined index: viewed in /var/www/html/catalog/view/theme/default/template/module/featured.tpl on line 37
2015-12-21 13:14:28 - PHP Notice:  Undefined index: viewed in /var/www/html/catalog/view/theme/default/template/module/featured.tpl on line 37
2015-12-21 13:14:28 - PHP Notice:  Undefined index: viewed in /var/www/html/catalog/view/theme/default/template/module/featured.tpl on line 37
2015-12-21 13:14:28 - PHP Notice:  Undefined index: viewed in /var/www/html/catalog/view/theme/default/template/module/featured.tpl on line 37
2015-12-21 13:14:42 - PHP Notice:  Undefined index: viewed in /var/www/html/catalog/view/theme/default/template/module/featured.tpl on line 37
2015-12-21 13:14:42 - PHP Notice:  Undefined index: viewed in /var/www/html/catalog/view/theme/default/template/module/featured.tpl on line 37
2015-12-21 13:14:42 - PHP Notice:  Undefined index: viewed in /var/www/html/catalog/view/theme/default/template/module/featured.tpl on line 37
2015-12-21 13:14:42 - PHP Notice:  Undefined index: viewed in /var/www/html/catalog/view/theme/default/template/module/featured.tpl on line 37
2015-12-21 13:27:46 - PHP Notice:  Undefined index: viewed in /var/www/html/catalog/view/theme/default/template/module/featured.tpl on line 37
2015-12-21 13:27:46 - PHP Notice:  Undefined index: viewed in /var/www/html/catalog/view/theme/default/template/module/featured.tpl on line 37
2015-12-21 13:27:46 - PHP Notice:  Undefined index: viewed in /var/www/html/catalog/view/theme/default/template/module/featured.tpl on line 37
2015-12-21 13:27:46 - PHP Notice:  Undefined index: viewed in /var/www/html/catalog/view/theme/default/template/module/featured.tpl on line 37
2015-12-21 13:32:25 - PHP Notice:  Undefined variable: viewed in /var/www/html/catalog/view/theme/default/template/module/featured.tpl on line 37
2015-12-21 13:32:25 - PHP Notice:  Undefined variable: viewed in /var/www/html/catalog/view/theme/default/template/module/featured.tpl on line 37
2015-12-21 13:32:25 - PHP Notice:  Undefined variable: viewed in /var/www/html/catalog/view/theme/default/template/module/featured.tpl on line 37
2015-12-21 13:32:25 - PHP Notice:  Undefined variable: viewed in /var/www/html/catalog/view/theme/default/template/module/featured.tpl on line 37
2015-12-21 13:32:27 - PHP Notice:  Undefined variable: viewed in /var/www/html/catalog/view/theme/default/template/module/featured.tpl on line 37
2015-12-21 13:32:27 - PHP Notice:  Undefined variable: viewed in /var/www/html/catalog/view/theme/default/template/module/featured.tpl on line 37
2015-12-21 13:32:27 - PHP Notice:  Undefined variable: viewed in /var/www/html/catalog/view/theme/default/template/module/featured.tpl on line 37
2015-12-21 13:32:27 - PHP Notice:  Undefined variable: viewed in /var/www/html/catalog/view/theme/default/template/module/featured.tpl on line 37
2015-12-21 13:32:31 - PHP Notice:  Undefined variable: viewed in /var/www/html/catalog/view/theme/default/template/module/featured.tpl on line 37
2015-12-21 13:32:31 - PHP Notice:  Undefined variable: viewed in /var/www/html/catalog/view/theme/default/template/module/featured.tpl on line 37
2015-12-21 13:32:31 - PHP Notice:  Undefined variable: viewed in /var/www/html/catalog/view/theme/default/template/module/featured.tpl on line 37
2015-12-21 13:32:31 - PHP Notice:  Undefined variable: viewed in /var/www/html/catalog/view/theme/default/template/module/featured.tpl on line 37
2015-12-21 13:36:03 - PHP Notice:  Undefined variable: viewed in /var/www/html/catalog/view/theme/default/template/module/featured.tpl on line 37
2015-12-21 13:36:03 - PHP Notice:  Undefined variable: viewed in /var/www/html/catalog/view/theme/default/template/module/featured.tpl on line 37
2015-12-21 13:36:03 - PHP Notice:  Undefined variable: viewed in /var/www/html/catalog/view/theme/default/template/module/featured.tpl on line 37
2015-12-21 13:36:03 - PHP Notice:  Undefined variable: viewed in /var/www/html/catalog/view/theme/default/template/module/featured.tpl on line 37
2015-12-21 18:34:27 - PHP Notice:  Undefined variable: product_info in /var/www/html/catalog/controller/product/category.php on line 179
2015-12-21 18:34:34 - PHP Notice:  Undefined variable: product_info in /var/www/html/catalog/controller/product/category.php on line 179
2015-12-21 18:34:34 - PHP Notice:  Undefined index: viewed in /var/www/html/catalog/view/theme/default/template/product/category.tpl on line 130
2015-12-21 18:34:34 - PHP Notice:  Undefined index: viewed in /var/www/html/catalog/view/theme/default/template/product/category.tpl on line 130
2015-12-21 18:34:34 - PHP Notice:  Undefined index: viewed in /var/www/html/catalog/view/theme/default/template/product/category.tpl on line 130
2015-12-21 18:34:34 - PHP Notice:  Undefined index: viewed in /var/www/html/catalog/view/theme/default/template/product/category.tpl on line 130
2015-12-21 18:34:34 - PHP Notice:  Undefined index: viewed in /var/www/html/catalog/view/theme/default/template/product/category.tpl on line 130
2015-12-21 18:34:34 - PHP Notice:  Undefined index: viewed in /var/www/html/catalog/view/theme/default/template/product/category.tpl on line 130
2015-12-21 18:34:34 - PHP Notice:  Undefined index: viewed in /var/www/html/catalog/view/theme/default/template/product/category.tpl on line 130
2015-12-21 18:34:34 - PHP Notice:  Undefined index: viewed in /var/www/html/catalog/view/theme/default/template/product/category.tpl on line 130
2015-12-21 18:34:34 - PHP Notice:  Undefined index: viewed in /var/www/html/catalog/view/theme/default/template/product/category.tpl on line 130
2015-12-21 18:34:34 - PHP Notice:  Undefined index: viewed in /var/www/html/catalog/view/theme/default/template/product/category.tpl on line 130
2015-12-21 18:34:34 - PHP Notice:  Undefined index: viewed in /var/www/html/catalog/view/theme/default/template/product/category.tpl on line 130
2015-12-21 18:34:34 - PHP Notice:  Undefined index: viewed in /var/www/html/catalog/view/theme/default/template/product/category.tpl on line 130
2015-12-21 18:34:34 - PHP Notice:  Undefined index: viewed in /var/www/html/catalog/view/theme/default/template/product/category.tpl on line 130
2015-12-21 18:34:34 - PHP Notice:  Undefined index: viewed in /var/www/html/catalog/view/theme/default/template/product/category.tpl on line 130
2015-12-21 18:34:34 - PHP Notice:  Undefined index: viewed in /var/www/html/catalog/view/theme/default/template/product/category.tpl on line 130
2015-12-21 18:35:51 - PHP Notice:  Undefined index: viewed in /var/www/html/catalog/controller/product/category.php on line 179
2015-12-21 18:35:51 - PHP Notice:  Undefined index: viewed in /var/www/html/catalog/view/theme/default/template/product/category.tpl on line 130
2015-12-21 18:35:51 - PHP Notice:  Undefined index: viewed in /var/www/html/catalog/view/theme/default/template/product/category.tpl on line 130
2015-12-21 18:35:51 - PHP Notice:  Undefined index: viewed in /var/www/html/catalog/view/theme/default/template/product/category.tpl on line 130
2015-12-21 18:35:51 - PHP Notice:  Undefined index: viewed in /var/www/html/catalog/view/theme/default/template/product/category.tpl on line 130
2015-12-21 18:35:51 - PHP Notice:  Undefined index: viewed in /var/www/html/catalog/view/theme/default/template/product/category.tpl on line 130
2015-12-21 18:35:51 - PHP Notice:  Undefined index: viewed in /var/www/html/catalog/view/theme/default/template/product/category.tpl on line 130
2015-12-21 18:35:51 - PHP Notice:  Undefined index: viewed in /var/www/html/catalog/view/theme/default/template/product/category.tpl on line 130
2015-12-21 18:35:51 - PHP Notice:  Undefined index: viewed in /var/www/html/catalog/view/theme/default/template/product/category.tpl on line 130
2015-12-21 18:35:51 - PHP Notice:  Undefined index: viewed in /var/www/html/catalog/view/theme/default/template/product/category.tpl on line 130
2015-12-21 18:35:51 - PHP Notice:  Undefined index: viewed in /var/www/html/catalog/view/theme/default/template/product/category.tpl on line 130
2015-12-21 18:35:51 - PHP Notice:  Undefined index: viewed in /var/www/html/catalog/view/theme/default/template/product/category.tpl on line 130
2015-12-21 18:35:51 - PHP Notice:  Undefined index: viewed in /var/www/html/catalog/view/theme/default/template/product/category.tpl on line 130
2015-12-21 18:35:51 - PHP Notice:  Undefined index: viewed in /var/www/html/catalog/view/theme/default/template/product/category.tpl on line 130
2015-12-21 18:35:51 - PHP Notice:  Undefined index: viewed in /var/www/html/catalog/view/theme/default/template/product/category.tpl on line 130
2015-12-21 18:35:51 - PHP Notice:  Undefined index: viewed in /var/www/html/catalog/view/theme/default/template/product/category.tpl on line 130
2015-12-21 18:37:48 - PHP Notice:  Undefined index: viewed in /var/www/html/catalog/controller/product/category.php on line 181
2015-12-21 18:37:48 - PHP Notice:  Undefined index: viewed in /var/www/html/catalog/view/theme/default/template/product/category.tpl on line 130
2015-12-21 18:37:48 - PHP Notice:  Undefined index: viewed in /var/www/html/catalog/view/theme/default/template/product/category.tpl on line 130
2015-12-21 18:37:48 - PHP Notice:  Undefined index: viewed in /var/www/html/catalog/view/theme/default/template/product/category.tpl on line 130
2015-12-21 18:37:48 - PHP Notice:  Undefined index: viewed in /var/www/html/catalog/view/theme/default/template/product/category.tpl on line 130
2015-12-21 18:37:48 - PHP Notice:  Undefined index: viewed in /var/www/html/catalog/view/theme/default/template/product/category.tpl on line 130
2015-12-21 18:37:48 - PHP Notice:  Undefined index: viewed in /var/www/html/catalog/view/theme/default/template/product/category.tpl on line 130
2015-12-21 18:37:48 - PHP Notice:  Undefined index: viewed in /var/www/html/catalog/view/theme/default/template/product/category.tpl on line 130
2015-12-21 18:37:48 - PHP Notice:  Undefined index: viewed in /var/www/html/catalog/view/theme/default/template/product/category.tpl on line 130
2015-12-21 18:37:48 - PHP Notice:  Undefined index: viewed in /var/www/html/catalog/view/theme/default/template/product/category.tpl on line 130
2015-12-21 18:37:48 - PHP Notice:  Undefined index: viewed in /var/www/html/catalog/view/theme/default/template/product/category.tpl on line 130
2015-12-21 18:37:48 - PHP Notice:  Undefined index: viewed in /var/www/html/catalog/view/theme/default/template/product/category.tpl on line 130
2015-12-21 18:37:48 - PHP Notice:  Undefined index: viewed in /var/www/html/catalog/view/theme/default/template/product/category.tpl on line 130
2015-12-21 18:37:48 - PHP Notice:  Undefined index: viewed in /var/www/html/catalog/view/theme/default/template/product/category.tpl on line 130
2015-12-21 18:37:48 - PHP Notice:  Undefined index: viewed in /var/www/html/catalog/view/theme/default/template/product/category.tpl on line 130
2015-12-21 18:37:48 - PHP Notice:  Undefined index: viewed in /var/www/html/catalog/view/theme/default/template/product/category.tpl on line 130
2015-12-22 19:38:14 - PHP Notice:  Error: Table 'opencartdb.oc_ms_product' doesn't exist<br />Error No: 1146<br />
			SELECT COUNT(*) as total
			FROM oc_product p
			LEFT JOIN oc_ms_product mp
				USING (product_id)
			LEFT JOIN oc_ms_seller ms
				USING (seller_id)
			WHERE 1 = 1  AND status =  1 in /var/www/html/system/library/db/mysqli.php on line 41
2015-12-22 19:38:14 - PHP Notice:  Trying to get property of non-object in /var/www/html/system/library/msproduct.php on line 843
2015-12-22 19:38:14 - PHP Notice:  Error: Table 'opencartdb.oc_ms_seller' doesn't exist<br />Error No: 1146<br />
			SELECT COUNT(*) as total
			FROM oc_ms_seller ms
			WHERE 1 = 1  AND seller_status IN  (1) in /var/www/html/system/library/db/mysqli.php on line 41
2015-12-22 19:38:14 - PHP Notice:  Trying to get property of non-object in /var/www/html/system/library/msseller.php on line 286
2015-12-22 19:38:14 - PHP Notice:  Error: Table 'opencartdb.oc_ms_seller' doesn't exist<br />Error No: 1146<br />SELECT COUNT(*) as 'total'
				FROM `oc_ms_seller`
				WHERE seller_id = 0 in /var/www/html/system/library/db/mysqli.php on line 41
2015-12-22 19:38:14 - PHP Notice:  Trying to get property of non-object in /var/www/html/system/library/msseller.php on line 57
2015-12-22 19:38:14 - PHP Notice:  Error: Table 'opencartdb.oc_ms_product' doesn't exist<br />Error No: 1146<br />SELECT p.product_id as 'product_id' FROM oc_category_path cp LEFT JOIN oc_product_to_category p2c ON (cp.category_id = p2c.category_id) LEFT JOIN oc_product p ON (p2c.product_id = p.product_id) LEFT JOIN `oc_ms_product` mp ON (p.product_id = mp.product_id) LEFT JOIN oc_product_description pd ON (p.product_id = pd.product_id) LEFT JOIN oc_product_to_store p2s ON (p.product_id = p2s.product_id) WHERE pd.language_id = '1' AND p.status = '1' AND p.date_available <= NOW() AND p2s.store_id = '0' AND cp.path_id = '65' AND mp.list_until < NOW() AND p.status = 1 in /var/www/html/system/library/db/mysqli.php on line 41
2015-12-22 19:38:14 - PHP Notice:  Trying to get property of non-object in /var/www/html/vqmod/vqcache/vq2-catalog_model_catalog_product.php on line 602
2015-12-22 19:38:14 - PHP Notice:  Error: Table 'opencartdb.oc_ms_product' doesn't exist<br />Error No: 1146<br />SELECT p.product_id as 'product_id' FROM oc_category_path cp LEFT JOIN oc_product_to_category p2c ON (cp.category_id = p2c.category_id) LEFT JOIN oc_product p ON (p2c.product_id = p.product_id) LEFT JOIN `oc_ms_product` mp ON (p.product_id = mp.product_id) LEFT JOIN oc_product_description pd ON (p.product_id = pd.product_id) LEFT JOIN oc_product_to_store p2s ON (p.product_id = p2s.product_id) WHERE pd.language_id = '1' AND p.status = '1' AND p.date_available <= NOW() AND p2s.store_id = '0' AND cp.path_id = '120' AND mp.list_until < NOW() AND p.status = 1 in /var/www/html/system/library/db/mysqli.php on line 41
2015-12-22 19:38:14 - PHP Notice:  Trying to get property of non-object in /var/www/html/vqmod/vqcache/vq2-catalog_model_catalog_product.php on line 602
2015-12-22 19:38:14 - PHP Notice:  Error: Table 'opencartdb.oc_ms_product' doesn't exist<br />Error No: 1146<br />SELECT p.product_id as 'product_id' FROM oc_category_path cp LEFT JOIN oc_product_to_category p2c ON (cp.category_id = p2c.category_id) LEFT JOIN oc_product p ON (p2c.product_id = p.product_id) LEFT JOIN `oc_ms_product` mp ON (p.product_id = mp.product_id) LEFT JOIN oc_product_description pd ON (p.product_id = pd.product_id) LEFT JOIN oc_product_to_store p2s ON (p.product_id = p2s.product_id) WHERE pd.language_id = '1' AND p.status = '1' AND p.date_available <= NOW() AND p2s.store_id = '0' AND cp.path_id = '117' AND mp.list_until < NOW() AND p.status = 1 in /var/www/html/system/library/db/mysqli.php on line 41
2015-12-22 19:38:14 - PHP Notice:  Trying to get property of non-object in /var/www/html/vqmod/vqcache/vq2-catalog_model_catalog_product.php on line 602
2015-12-22 19:38:14 - PHP Notice:  Error: Table 'opencartdb.oc_ms_product' doesn't exist<br />Error No: 1146<br />SELECT p.product_id as 'product_id' FROM oc_category_path cp LEFT JOIN oc_product_to_category p2c ON (cp.category_id = p2c.category_id) LEFT JOIN oc_product p ON (p2c.product_id = p.product_id) LEFT JOIN `oc_ms_product` mp ON (p.product_id = mp.product_id) LEFT JOIN oc_product_description pd ON (p.product_id = pd.product_id) LEFT JOIN oc_product_to_store p2s ON (p.product_id = p2s.product_id) WHERE pd.language_id = '1' AND p.status = '1' AND p.date_available <= NOW() AND p2s.store_id = '0' AND cp.path_id = '63' AND mp.list_until < NOW() AND p.status = 1 in /var/www/html/system/library/db/mysqli.php on line 41
2015-12-22 19:38:14 - PHP Notice:  Trying to get property of non-object in /var/www/html/vqmod/vqcache/vq2-catalog_model_catalog_product.php on line 602
2015-12-22 19:38:14 - PHP Notice:  Error: Table 'opencartdb.oc_ms_product' doesn't exist<br />Error No: 1146<br />SELECT p.product_id as 'product_id' FROM oc_category_path cp LEFT JOIN oc_product_to_category p2c ON (cp.category_id = p2c.category_id) LEFT JOIN oc_product p ON (p2c.product_id = p.product_id) LEFT JOIN `oc_ms_product` mp ON (p.product_id = mp.product_id) LEFT JOIN oc_product_description pd ON (p.product_id = pd.product_id) LEFT JOIN oc_product_to_store p2s ON (p.product_id = p2s.product_id) WHERE pd.language_id = '1' AND p.status = '1' AND p.date_available <= NOW() AND p2s.store_id = '0' AND cp.path_id = '126' AND mp.list_until < NOW() AND p.status = 1 in /var/www/html/system/library/db/mysqli.php on line 41
2015-12-22 19:38:14 - PHP Notice:  Trying to get property of non-object in /var/www/html/vqmod/vqcache/vq2-catalog_model_catalog_product.php on line 602
2015-12-22 19:38:14 - PHP Notice:  Error: Table 'opencartdb.oc_ms_product' doesn't exist<br />Error No: 1146<br />SELECT p.product_id as 'product_id' FROM oc_category_path cp LEFT JOIN oc_product_to_category p2c ON (cp.category_id = p2c.category_id) LEFT JOIN oc_product p ON (p2c.product_id = p.product_id) LEFT JOIN `oc_ms_product` mp ON (p.product_id = mp.product_id) LEFT JOIN oc_product_description pd ON (p.product_id = pd.product_id) LEFT JOIN oc_product_to_store p2s ON (p.product_id = p2s.product_id) WHERE pd.language_id = '1' AND p.status = '1' AND p.date_available <= NOW() AND p2s.store_id = '0' AND cp.path_id = '99' AND mp.list_until < NOW() AND p.status = 1 in /var/www/html/system/library/db/mysqli.php on line 41
2015-12-22 19:38:14 - PHP Notice:  Trying to get property of non-object in /var/www/html/vqmod/vqcache/vq2-catalog_model_catalog_product.php on line 602
2015-12-22 19:38:14 - PHP Notice:  Error: Table 'opencartdb.oc_ms_product' doesn't exist<br />Error No: 1146<br />
			SELECT COUNT(*) as total
			FROM oc_product p
			LEFT JOIN oc_ms_product mp
				USING (product_id)
			LEFT JOIN oc_ms_seller ms
				USING (seller_id)
			WHERE 1 = 1  AND status =  1 in /var/www/html/system/library/db/mysqli.php on line 41
2015-12-22 19:38:14 - PHP Notice:  Trying to get property of non-object in /var/www/html/system/library/msproduct.php on line 843
2015-12-22 19:38:14 - PHP Notice:  Error: Table 'opencartdb.oc_ms_seller' doesn't exist<br />Error No: 1146<br />
			SELECT COUNT(*) as total
			FROM oc_ms_seller ms
			WHERE 1 = 1  AND seller_status IN  (1) in /var/www/html/system/library/db/mysqli.php on line 41
2015-12-22 19:38:14 - PHP Notice:  Trying to get property of non-object in /var/www/html/system/library/msseller.php on line 286
2015-12-22 19:38:14 - PHP Notice:  Error: Table 'opencartdb.oc_ms_seller' doesn't exist<br />Error No: 1146<br />SELECT COUNT(*) as 'total'
				FROM `oc_ms_seller`
				WHERE seller_id = 0 in /var/www/html/system/library/db/mysqli.php on line 41
2015-12-22 19:38:14 - PHP Notice:  Trying to get property of non-object in /var/www/html/system/library/msseller.php on line 57
2015-12-22 19:38:14 - PHP Notice:  Error: Table 'opencartdb.oc_ms_product' doesn't exist<br />Error No: 1146<br />SELECT p.product_id as 'product_id' FROM oc_category_path cp LEFT JOIN oc_product_to_category p2c ON (cp.category_id = p2c.category_id) LEFT JOIN oc_product p ON (p2c.product_id = p.product_id) LEFT JOIN `oc_ms_product` mp ON (p.product_id = mp.product_id) LEFT JOIN oc_product_description pd ON (p.product_id = pd.product_id) LEFT JOIN oc_product_to_store p2s ON (p.product_id = p2s.product_id) WHERE pd.language_id = '1' AND p.status = '1' AND p.date_available <= NOW() AND p2s.store_id = '0' AND cp.path_id = '65' AND mp.list_until < NOW() AND p.status = 1 in /var/www/html/system/library/db/mysqli.php on line 41
2015-12-22 19:38:14 - PHP Notice:  Trying to get property of non-object in /var/www/html/vqmod/vqcache/vq2-catalog_model_catalog_product.php on line 602
2015-12-22 19:38:14 - PHP Notice:  Error: Table 'opencartdb.oc_ms_product' doesn't exist<br />Error No: 1146<br />SELECT p.product_id as 'product_id' FROM oc_category_path cp LEFT JOIN oc_product_to_category p2c ON (cp.category_id = p2c.category_id) LEFT JOIN oc_product p ON (p2c.product_id = p.product_id) LEFT JOIN `oc_ms_product` mp ON (p.product_id = mp.product_id) LEFT JOIN oc_product_description pd ON (p.product_id = pd.product_id) LEFT JOIN oc_product_to_store p2s ON (p.product_id = p2s.product_id) WHERE pd.language_id = '1' AND p.status = '1' AND p.date_available <= NOW() AND p2s.store_id = '0' AND cp.path_id = '120' AND mp.list_until < NOW() AND p.status = 1 in /var/www/html/system/library/db/mysqli.php on line 41
2015-12-22 19:38:14 - PHP Notice:  Trying to get property of non-object in /var/www/html/vqmod/vqcache/vq2-catalog_model_catalog_product.php on line 602
2015-12-22 19:38:14 - PHP Notice:  Error: Table 'opencartdb.oc_ms_product' doesn't exist<br />Error No: 1146<br />SELECT p.product_id as 'product_id' FROM oc_category_path cp LEFT JOIN oc_product_to_category p2c ON (cp.category_id = p2c.category_id) LEFT JOIN oc_product p ON (p2c.product_id = p.product_id) LEFT JOIN `oc_ms_product` mp ON (p.product_id = mp.product_id) LEFT JOIN oc_product_description pd ON (p.product_id = pd.product_id) LEFT JOIN oc_product_to_store p2s ON (p.product_id = p2s.product_id) WHERE pd.language_id = '1' AND p.status = '1' AND p.date_available <= NOW() AND p2s.store_id = '0' AND cp.path_id = '117' AND mp.list_until < NOW() AND p.status = 1 in /var/www/html/system/library/db/mysqli.php on line 41
2015-12-22 19:38:14 - PHP Notice:  Trying to get property of non-object in /var/www/html/vqmod/vqcache/vq2-catalog_model_catalog_product.php on line 602
2015-12-22 19:38:14 - PHP Notice:  Error: Table 'opencartdb.oc_ms_product' doesn't exist<br />Error No: 1146<br />SELECT p.product_id as 'product_id' FROM oc_category_path cp LEFT JOIN oc_product_to_category p2c ON (cp.category_id = p2c.category_id) LEFT JOIN oc_product p ON (p2c.product_id = p.product_id) LEFT JOIN `oc_ms_product` mp ON (p.product_id = mp.product_id) LEFT JOIN oc_product_description pd ON (p.product_id = pd.product_id) LEFT JOIN oc_product_to_store p2s ON (p.product_id = p2s.product_id) WHERE pd.language_id = '1' AND p.status = '1' AND p.date_available <= NOW() AND p2s.store_id = '0' AND cp.path_id = '63' AND mp.list_until < NOW() AND p.status = 1 in /var/www/html/system/library/db/mysqli.php on line 41
2015-12-22 19:38:14 - PHP Notice:  Trying to get property of non-object in /var/www/html/vqmod/vqcache/vq2-catalog_model_catalog_product.php on line 602
2015-12-22 19:38:14 - PHP Notice:  Error: Table 'opencartdb.oc_ms_product' doesn't exist<br />Error No: 1146<br />SELECT p.product_id as 'product_id' FROM oc_category_path cp LEFT JOIN oc_product_to_category p2c ON (cp.category_id = p2c.category_id) LEFT JOIN oc_product p ON (p2c.product_id = p.product_id) LEFT JOIN `oc_ms_product` mp ON (p.product_id = mp.product_id) LEFT JOIN oc_product_description pd ON (p.product_id = pd.product_id) LEFT JOIN oc_product_to_store p2s ON (p.product_id = p2s.product_id) WHERE pd.language_id = '1' AND p.status = '1' AND p.date_available <= NOW() AND p2s.store_id = '0' AND cp.path_id = '126' AND mp.list_until < NOW() AND p.status = 1 in /var/www/html/system/library/db/mysqli.php on line 41
2015-12-22 19:38:14 - PHP Notice:  Trying to get property of non-object in /var/www/html/vqmod/vqcache/vq2-catalog_model_catalog_product.php on line 602
2015-12-22 19:38:14 - PHP Notice:  Error: Table 'opencartdb.oc_ms_product' doesn't exist<br />Error No: 1146<br />SELECT p.product_id as 'product_id' FROM oc_category_path cp LEFT JOIN oc_product_to_category p2c ON (cp.category_id = p2c.category_id) LEFT JOIN oc_product p ON (p2c.product_id = p.product_id) LEFT JOIN `oc_ms_product` mp ON (p.product_id = mp.product_id) LEFT JOIN oc_product_description pd ON (p.product_id = pd.product_id) LEFT JOIN oc_product_to_store p2s ON (p.product_id = p2s.product_id) WHERE pd.language_id = '1' AND p.status = '1' AND p.date_available <= NOW() AND p2s.store_id = '0' AND cp.path_id = '99' AND mp.list_until < NOW() AND p.status = 1 in /var/www/html/system/library/db/mysqli.php on line 41
2015-12-22 19:38:14 - PHP Notice:  Trying to get property of non-object in /var/www/html/vqmod/vqcache/vq2-catalog_model_catalog_product.php on line 602
2015-12-23 12:56:14 - PHP Notice:  Undefined variable: vqmod_log in /var/www/html/admin/view/template/multiseller/debug.tpl on line 52
2015-12-24 9:25:52 - PHP Notice:  Undefined variable: vqmod_log in /var/www/html/admin/view/template/multiseller/debug.tpl on line 52
2015-12-29 14:22:15 - PHP Notice:  Undefined index: ms.phone in /var/www/html/catalog/view/theme/default/template/multiseller/account-profile.tpl on line 65
2015-12-29 14:26:49 - PHP Notice:  Undefined index: ms.phone in /var/www/html/catalog/view/theme/default/template/multiseller/account-profile.tpl on line 65
2015-12-29 14:54:43 - PHP Notice:  Undefined variable: ms_account_seller_account in /var/www/html/vqmod/vqcache/vq2-catalog_view_theme_default_template_common_header.tpl on line 71
2015-12-29 14:54:43 - PHP Notice:  Undefined variable: ms_account_seller_account in /var/www/html/vqmod/vqcache/vq2-catalog_view_theme_default_template_common_header.tpl on line 71
2015-12-29 14:54:43 - PHP Notice:  Undefined variable: ms_account_register_seller in /var/www/html/vqmod/vqcache/vq2-catalog_view_theme_default_template_common_header.tpl on line 93
2015-12-29 14:55:26 - PHP Notice:  Undefined variable: ms_account_seller_account in /var/www/html/vqmod/vqcache/vq2-catalog_view_theme_default_template_common_header.tpl on line 71
2015-12-29 14:55:26 - PHP Notice:  Undefined variable: ms_account_seller_account in /var/www/html/vqmod/vqcache/vq2-catalog_view_theme_default_template_common_header.tpl on line 71
2015-12-29 14:55:26 - PHP Notice:  Undefined variable: ms_account_register_seller in /var/www/html/vqmod/vqcache/vq2-catalog_view_theme_default_template_common_header.tpl on line 93
2015-12-29 14:56:33 - PHP Notice:  Undefined variable: ms_account_sellerinfo_phone in /var/www/html/catalog/view/theme/default/template/multiseller/account-profile.tpl on line 63
2015-12-29 14:56:33 - PHP Notice:  Undefined variable: ms_account_sellerinfo_phone_note in /var/www/html/catalog/view/theme/default/template/multiseller/account-profile.tpl on line 66
2015-12-29 14:57:34 - PHP Notice:  Undefined variable: ms_account_sellerinfo_phone in /var/www/html/catalog/view/theme/default/template/multiseller/account-profile.tpl on line 63
2015-12-29 14:57:34 - PHP Notice:  Undefined variable: ms_account_sellerinfo_phone_note in /var/www/html/catalog/view/theme/default/template/multiseller/account-profile.tpl on line 66
2015-12-29 14:57:48 - PHP Notice:  Undefined variable: ms_account_sellerinfo_phone in /var/www/html/catalog/view/theme/default/template/multiseller/account-profile.tpl on line 63
2015-12-29 14:57:48 - PHP Notice:  Undefined variable: ms_account_sellerinfo_phone_note in /var/www/html/catalog/view/theme/default/template/multiseller/account-profile.tpl on line 66
2016-01-25 16:01:52 - PHP Notice:  Error: Column 'phone' specified twice<br />Error No: 1110<br />INSERT INTO oc_ms_seller
				SET seller_id = 9,
					seller_status = 6,
					seller_approved = 0,
					seller_group = 1,
					nickname = 'qwerty',

				phone = '',
			
					phone = '',
					description = '',
					company = '',
					country_id = 0,
					zone_id = 0,
					commission_id = NULL,
					product_validation = 1,
					paypal = '',
					avatar = '',
					banner = '',
					date_created = NOW() in /var/www/html/system/library/db/mysqli.php on line 41
2016-01-25 18:30:02 - PHP Notice:  Error: Column 'phone' specified twice<br />Error No: 1110<br />INSERT INTO oc_ms_seller
				SET seller_id = 3,
					seller_status = 1,
					seller_approved = 1,
					seller_group = 1,
					nickname = 'abcd',

				phone = '',
			
					phone = '',
					description = '',
					company = '',
					country_id = 99,
					zone_id = 0,
					commission_id = NULL,
					product_validation = 1,
					paypal = '',
					avatar = '',
					banner = '',
					date_created = NOW() in /var/www/html/system/library/db/mysqli.php on line 41
2016-01-25 18:30:12 - PHP Notice:  Error: Column 'phone' specified twice<br />Error No: 1110<br />INSERT INTO oc_ms_seller
				SET seller_id = 3,
					seller_status = 1,
					seller_approved = 1,
					seller_group = 1,
					nickname = 'abcd',

				phone = '',
			
					phone = '',
					description = '',
					company = '',
					country_id = 99,
					zone_id = 0,
					commission_id = NULL,
					product_validation = 1,
					paypal = '',
					avatar = '',
					banner = '',
					date_created = NOW() in /var/www/html/system/library/db/mysqli.php on line 41
2016-01-25 18:30:44 - PHP Notice:  Error: Column 'phone' specified twice<br />Error No: 1110<br />INSERT INTO oc_ms_seller
				SET seller_id = 3,
					seller_status = 1,
					seller_approved = 1,
					seller_group = 1,
					nickname = 'abcde',

				phone = '',
			
					phone = '',
					description = '',
					company = '',
					country_id = 99,
					zone_id = 0,
					commission_id = NULL,
					product_validation = 1,
					paypal = '',
					avatar = '',
					banner = '',
					date_created = NOW() in /var/www/html/system/library/db/mysqli.php on line 41
2016-01-25 18:31:02 - PHP Notice:  Error: Column 'phone' specified twice<br />Error No: 1110<br />INSERT INTO oc_ms_seller
				SET seller_id = 3,
					seller_status = 1,
					seller_approved = 1,
					seller_group = 1,
					nickname = 'abcde',

				phone = '',
			
					phone = '',
					description = 'abcdw',
					company = '',
					country_id = 99,
					zone_id = 1492,
					commission_id = NULL,
					product_validation = 1,
					paypal = '',
					avatar = '',
					banner = '',
					date_created = NOW() in /var/www/html/system/library/db/mysqli.php on line 41
