---------- Date: 2016-02-17 18:15:07 ~ IP : 127.0.0.1 ----------
REQUEST URI : /Libaaso/index.php?route=account/account
MOD DETAILS:
   modFile   : C:\xampp\htdocs\Libaaso\vqmod/xml/multimerch_core_sellermenu.xml
   id        : MultiMerch Core Seller Menu
   version   : 
   vqmver    : 
   author    : http://multimerch.com/

File Name    : catalog/view/theme/default/template/account/account.tpl(0)
VQModObject::applyMod - SEARCH NOT FOUND (ABORTING MOD): <h2><?php echo $text_my_newsletter; ?></h2>

----------------------------------------------------------------------


---------- Date: 2016-02-17 18:20:27 ~ IP : 127.0.0.1 ----------
REQUEST URI : /Libaaso/index.php?route=account/account
MOD DETAILS:
   modFile   : C:\xampp\htdocs\Libaaso\vqmod/xml/multimerch_core_sellermenu.xml
   id        : MultiMerch Core Seller Menu
   version   : 
   vqmver    : 
   author    : http://multimerch.com/

File Name    : catalog/view/theme/default/template/account/account.tpl(0)
VQModObject::applyMod - SEARCH NOT FOUND (ABORTING MOD): <h2><?php echo $text_my_newsletter; ?></h2>

----------------------------------------------------------------------


---------- Date: 2016-02-17 18:30:52 ~ IP : 127.0.0.1 ----------
REQUEST URI : /Libaaso/index.php?route=account/account
MOD DETAILS:
   modFile   : C:\xampp\htdocs\Libaaso\vqmod/xml/multimerch_core_sellermenu.xml
   id        : MultiMerch Core Seller Menu
   version   : 
   vqmver    : 
   author    : http://multimerch.com/

File Name    : catalog/view/theme/default/template/account/account.tpl(0)
VQModObject::applyMod - SEARCH NOT FOUND (ABORTING MOD): <h2><?php echo $text_my_newsletter; ?></h2>

----------------------------------------------------------------------


---------- Date: 2016-02-17 18:42:35 ~ IP : 127.0.0.1 ----------
REQUEST URI : /Libaaso/index.php?route=account/account
MOD DETAILS:
   modFile   : C:\xampp\htdocs\Libaaso\vqmod/xml/multimerch_core_sellermenu.xml
   id        : MultiMerch Core Seller Menu
   version   : 
   vqmver    : 
   author    : http://multimerch.com/

File Name    : catalog/view/theme/default/template/account/account.tpl(0)
VQModObject::applyMod - SEARCH NOT FOUND (ABORTING MOD): <h2><?php echo $text_my_newsletter; ?></h2>

----------------------------------------------------------------------


---------- Date: 2016-02-17 19:11:50 ~ IP : 127.0.0.1 ----------
REQUEST URI : /Libaaso/index.php?route=account/account
MOD DETAILS:
   modFile   : C:\xampp\htdocs\Libaaso\vqmod/xml/multimerch_core_sellermenu.xml
   id        : MultiMerch Core Seller Menu
   version   : 
   vqmver    : 
   author    : http://multimerch.com/

File Name    : catalog/view/theme/default/template/account/account.tpl(0)
VQModObject::applyMod - SEARCH NOT FOUND (ABORTING MOD): <h2><?php echo $text_my_newsletter; ?></h2>

----------------------------------------------------------------------


